# JRE version: Java(TM) SE Runtime Environment (8.0_202-b08) (build 1.8.0_202-b08)
# Java VM: Java HotSpot(TM) 64-Bit Server VM (25.202-b08 mixed mode windows-amd64 compressed oops)
Heap:
 PSYoungGen      total 497664K, used 477328K [0x000000076b300000, 0x00000007bca80000, 0x00000007c0000000)
  eden space 497152K, 95% used [0x000000076b300000,0x0000000788514308,0x0000000789880000)
  from space 512K, 12% used [0x00000007bca00000,0x00000007bca10000,0x00000007bca80000)
  to   space 512K, 0% used [0x00000007bc980000,0x00000007bc980000,0x00000007bca00000)
 ParOldGen       total 175104K, used 3915K [0x00000006c1800000, 0x00000006cc300000, 0x000000076b300000)
  object space 175104K, 2% used [0x00000006c1800000,0x00000006c1bd2fc0,0x00000006cc300000)
 Metaspace       used 8573K, capacity 9290K, committed 9472K, reserved 1056768K
  class space    used 1080K, capacity 1237K, committed 1280K, reserved 1048576K
GC Heap History (10 events):
Event: 21.092 GC heap before
{Heap before GC invocations=154 (full 0):
 PSYoungGen      total 199680K, used 199232K [0x000000076b300000, 0x00000007bca80000, 0x00000007c0000000)
  eden space 199168K, 100% used [0x000000076b300000,0x0000000777580000,0x0000000777580000)
  from space 512K, 12% used [0x00000007bc980000,0x00000007bc990000,0x00000007bca00000)
  to   space 512K, 0% used [0x00000007bca00000,0x00000007bca00000,0x00000007bca80000)
 ParOldGen       total 175104K, used 3915K [0x00000006c1800000, 0x00000006cc300000, 0x000000076b300000)
  object space 175104K, 2% used [0x00000006c1800000,0x00000006c1bd2fc0,0x00000006cc300000)
 Metaspace       used 8573K, capacity 9290K, committed 9472K, reserved 1056768K
  class space    used 1080K, capacity 1237K, committed 1280K, reserved 1048576K
Event: 21.093 GC heap after
Heap after GC invocations=154 (full 0):
 PSYoungGen      total 239616K, used 32K [0x000000076b300000, 0x00000007bca80000, 0x00000007c0000000)
  eden space 239104K, 0% used [0x000000076b300000,0x000000076b300000,0x0000000779c80000)
  from space 512K, 6% used [0x00000007bca00000,0x00000007bca08000,0x00000007bca80000)
  to   space 512K, 0% used [0x00000007bc980000,0x00000007bc980000,0x00000007bca00000)
 ParOldGen       total 175104K, used 3915K [0x00000006c1800000, 0x00000006cc300000, 0x000000076b300000)
  object space 175104K, 2% used [0x00000006c1800000,0x00000006c1bd2fc0,0x00000006cc300000)
 Metaspace       used 8573K, capacity 9290K, committed 9472K, reserved 1056768K
  class space    used 1080K, capacity 1237K, committed 1280K, reserved 1048576K
}
Event: 21.197 GC heap before
{Heap before GC invocations=155 (full 0):
 PSYoungGen      total 239616K, used 239136K [0x000000076b300000, 0x00000007bca80000, 0x00000007c0000000)
  eden space 239104K, 100% used [0x000000076b300000,0x0000000779c80000,0x0000000779c80000)
  from space 512K, 6% used [0x00000007bca00000,0x00000007bca08000,0x00000007bca80000)
  to   space 512K, 0% used [0x00000007bc980000,0x00000007bc980000,0x00000007bca00000)
 ParOldGen       total 175104K, used 3915K [0x00000006c1800000, 0x00000006cc300000, 0x000000076b300000)
  object space 175104K, 2% used [0x00000006c1800000,0x00000006c1bd2fc0,0x00000006cc300000)
 Metaspace       used 8573K, capacity 9290K, committed 9472K, reserved 1056768K
  class space    used 1080K, capacity 1237K, committed 1280K, reserved 1048576K
Event: 21.198 GC heap after
Heap after GC invocations=155 (full 0):
 PSYoungGen      total 287744K, used 32K [0x000000076b300000, 0x00000007bca80000, 0x00000007c0000000)
  eden space 287232K, 0% used [0x000000076b300000,0x000000076b300000,0x000000077cb80000)
  from space 512K, 6% used [0x00000007bc980000,0x00000007bc988000,0x00000007bca00000)
  to   space 512K, 0% used [0x00000007bca00000,0x00000007bca00000,0x00000007bca80000)
 ParOldGen       total 175104K, used 3915K [0x00000006c1800000, 0x00000006cc300000, 0x000000076b300000)
  object space 175104K, 2% used [0x00000006c1800000,0x00000006c1bd2fc0,0x00000006cc300000)
 Metaspace       used 8573K, capacity 9290K, committed 9472K, reserved 1056768K
  class space    used 1080K, capacity 1237K, committed 1280K, reserved 1048576K
}
Event: 21.315 GC heap before
{Heap before GC invocations=156 (full 0):
 PSYoungGen      total 287744K, used 287264K [0x000000076b300000, 0x00000007bca80000, 0x00000007c0000000)
  eden space 287232K, 100% used [0x000000076b300000,0x000000077cb80000,0x000000077cb80000)
  from space 512K, 6% used [0x00000007bc980000,0x00000007bc988000,0x00000007bca00000)
  to   space 512K, 0% used [0x00000007bca00000,0x00000007bca00000,0x00000007bca80000)
 ParOldGen       total 175104K, used 3915K [0x00000006c1800000, 0x00000006cc300000, 0x000000076b300000)
  object space 175104K, 2% used [0x00000006c1800000,0x00000006c1bd2fc0,0x00000006cc300000)
 Metaspace       used 8573K, capacity 9290K, committed 9472K, reserved 1056768K
  class space    used 1080K, capacity 1237K, committed 1280K, reserved 1048576K
Event: 21.316 GC heap after
Heap after GC invocations=156 (full 0):
 PSYoungGen      total 345600K, used 64K [0x000000076b300000, 0x00000007bca80000, 0x00000007c0000000)
  eden space 345088K, 0% used [0x000000076b300000,0x000000076b300000,0x0000000780400000)
  from space 512K, 12% used [0x00000007bca00000,0x00000007bca10000,0x00000007bca80000)
  to   space 512K, 0% used [0x00000007bc980000,0x00000007bc980000,0x00000007bca00000)
 ParOldGen       total 175104K, used 3915K [0x00000006c1800000, 0x00000006cc300000, 0x000000076b300000)
  object space 175104K, 2% used [0x00000006c1800000,0x00000006c1bd2fc0,0x00000006cc300000)
 Metaspace       used 8573K, capacity 9290K, committed 9472K, reserved 1056768K
  class space    used 1080K, capacity 1237K, committed 1280K, reserved 1048576K
}
Event: 21.463 GC heap before
{Heap before GC invocations=157 (full 0):
 PSYoungGen      total 345600K, used 345152K [0x000000076b300000, 0x00000007bca80000, 0x00000007c0000000)
  eden space 345088K, 100% used [0x000000076b300000,0x0000000780400000,0x0000000780400000)
  from space 512K, 12% used [0x00000007bca00000,0x00000007bca10000,0x00000007bca80000)
  to   space 512K, 0% used [0x00000007bc980000,0x00000007bc980000,0x00000007bca00000)
 ParOldGen       total 175104K, used 3915K [0x00000006c1800000, 0x00000006cc300000, 0x000000076b300000)
  object space 175104K, 2% used [0x00000006c1800000,0x00000006c1bd2fc0,0x00000006cc300000)
 Metaspace       used 8573K, capacity 9290K, committed 9472K, reserved 1056768K
  class space    used 1080K, capacity 1237K, committed 1280K, reserved 1048576K
Event: 21.463 GC heap after
Heap after GC invocations=157 (full 0):
 PSYoungGen      total 414720K, used 64K [0x000000076b300000, 0x00000007bca80000, 0x00000007c0000000)
  eden space 414208K, 0% used [0x000000076b300000,0x000000076b300000,0x0000000784780000)
  from space 512K, 12% used [0x00000007bc980000,0x00000007bc990000,0x00000007bca00000)
  to   space 512K, 0% used [0x00000007bca00000,0x00000007bca00000,0x00000007bca80000)
 ParOldGen       total 175104K, used 3915K [0x00000006c1800000, 0x00000006cc300000, 0x000000076b300000)
  object space 175104K, 2% used [0x00000006c1800000,0x00000006c1bd2fc0,0x00000006cc300000)
 Metaspace       used 8573K, capacity 9290K, committed 9472K, reserved 1056768K
  class space    used 1080K, capacity 1237K, committed 1280K, reserved 1048576K
}
Event: 21.639 GC heap before
{Heap before GC invocations=158 (full 0):
 PSYoungGen      total 414720K, used 414272K [0x000000076b300000, 0x00000007bca80000, 0x00000007c0000000)
  eden space 414208K, 100% used [0x000000076b300000,0x0000000784780000,0x0000000784780000)
  from space 512K, 12% used [0x00000007bc980000,0x00000007bc990000,0x00000007bca00000)
  to   space 512K, 0% used [0x00000007bca00000,0x00000007bca00000,0x00000007bca80000)
 ParOldGen       total 175104K, used 3915K [0x00000006c1800000, 0x00000006cc300000, 0x000000076b300000)
  object space 175104K, 2% used [0x00000006c1800000,0x00000006c1bd2fc0,0x00000006cc300000)
 Metaspace       used 8573K, capacity 9290K, committed 9472K, reserved 1056768K
  class space    used 1080K, capacity 1237K, committed 1280K, reserved 1048576K
Event: 21.640 GC heap after
Heap after GC invocations=158 (full 0):
 PSYoungGen      total 497664K, used 64K [0x000000076b300000, 0x00000007bca80000, 0x00000007c0000000)
  eden space 497152K, 0% used [0x000000076b300000,0x000000076b300000,0x0000000789880000)
  from space 512K, 12% used [0x00000007bca00000,0x00000007bca10000,0x00000007bca80000)
  to   space 512K, 0% used [0x00000007bc980000,0x00000007bc980000,0x00000007bca00000)
 ParOldGen       total 175104K, used 3915K [0x00000006c1800000, 0x00000006cc300000, 0x000000076b300000)
  object space 175104K, 2% used [0x00000006c1800000,0x00000006c1bd2fc0,0x00000006cc300000)
 Metaspace       used 8573K, capacity 9290K, committed 9472K, reserved 1056768K
  class space    used 1080K, capacity 1237K, committed 1280K, reserved 1048576K
}

